d:\semester 2\oop lab\23f-0505_2b_oop_extended_project\23f-0505_2b_oop_extended_project\x64\debug\vc143.pdb
d:\semester 2\oop lab\23f-0505_2b_oop_extended_project\23f-0505_2b_oop_extended_project\x64\debug\vc143.idb
d:\semester 2\oop lab\23f-0505_2b_oop_extended_project\23f-0505_2b_oop_extended_project\x64\debug\main.obj
d:\semester 2\oop lab\23f-0505_2b_oop_extended_project\23f-0505_2b_oop_extended_project\x64\debug\historyobjects.obj
d:\semester 2\oop lab\23f-0505_2b_oop_extended_project\23f-0505_2b_oop_extended_project\x64\debug\history.obj
d:\semester 2\oop lab\23f-0505_2b_oop_extended_project\23f-0505_2b_oop_extended_project\x64\debug\group.obj
d:\semester 2\oop lab\23f-0505_2b_oop_extended_project\23f-0505_2b_oop_extended_project\x64\debug\list_of_groups.obj
d:\semester 2\oop lab\23f-0505_2b_oop_extended_project\23f-0505_2b_oop_extended_project\x64\debug\contactsbook.obj
d:\semester 2\oop lab\23f-0505_2b_oop_extended_project\23f-0505_2b_oop_extended_project\x64\debug\contact.obj
d:\semester 2\oop lab\23f-0505_2b_oop_extended_project\23f-0505_2b_oop_extended_project\x64\debug\address.obj
d:\semester 2\oop lab\23f-0505_2b_oop_extended_project\23f-0505_2b_oop_extended_project\x64\debug\list.obj
d:\semester 2\oop lab\23f-0505_2b_oop_extended_project\x64\debug\23f-0505_2b_oop_extended_project.exe
d:\semester 2\oop lab\23f-0505_2b_oop_extended_project\x64\debug\23f-0505_2b_oop_extended_project.pdb
d:\semester 2\oop lab\23f-0505_2b_oop_extended_project\23f-0505_2b_oop_extended_project\x64\debug\23f-0505_2b_oop_extended_project.ilk
d:\semester 2\oop lab\23f-0505_2b_oop_extended_project\23f-0505_2b_oop_extended_project\x64\debug\23f-0505.5486b9a3.tlog\cl.command.1.tlog
d:\semester 2\oop lab\23f-0505_2b_oop_extended_project\23f-0505_2b_oop_extended_project\x64\debug\23f-0505.5486b9a3.tlog\cl.items.tlog
d:\semester 2\oop lab\23f-0505_2b_oop_extended_project\23f-0505_2b_oop_extended_project\x64\debug\23f-0505.5486b9a3.tlog\cl.read.1.tlog
d:\semester 2\oop lab\23f-0505_2b_oop_extended_project\23f-0505_2b_oop_extended_project\x64\debug\23f-0505.5486b9a3.tlog\cl.write.1.tlog
d:\semester 2\oop lab\23f-0505_2b_oop_extended_project\23f-0505_2b_oop_extended_project\x64\debug\23f-0505.5486b9a3.tlog\link.command.1.tlog
d:\semester 2\oop lab\23f-0505_2b_oop_extended_project\23f-0505_2b_oop_extended_project\x64\debug\23f-0505.5486b9a3.tlog\link.read.1.tlog
d:\semester 2\oop lab\23f-0505_2b_oop_extended_project\23f-0505_2b_oop_extended_project\x64\debug\23f-0505.5486b9a3.tlog\link.secondary.1.tlog
d:\semester 2\oop lab\23f-0505_2b_oop_extended_project\23f-0505_2b_oop_extended_project\x64\debug\23f-0505.5486b9a3.tlog\link.write.1.tlog
